Using pre-set license
Built from '2022.3/staging' branch; Version is '2022.3.43f1 (85497d293fa1) revision 8735101'; Using compiler version '192829333'; Build Type 'Release'
OS: 'Windows 11  (10.0.26100) 64bit CoreSingleLanguage' Language: 'en' Physical Memory: 32475 MB
BatchMode: 1, IsHumanControllingUs: 0, StartBugReporterOnCrash: 0, Is64bit: 1, IsPro: 1

COMMAND LINE ARGUMENTS:
C:\Program Files\Unity\Hub\Editor\2022.3.43f1\Editor\Unity.exe
-adb2
-batchMode
-noUpm
-name
AssetImportWorker16
-projectPath
C:/Users/Steven Lie/UAS
-logFile
Logs/AssetImportWorker16.log
-srvPort
58974
Successfully changed project path to: C:/Users/Steven Lie/UAS
C:/Users/Steven Lie/UAS
[UnityMemory] Configuration Parameters - Can be set up in boot.config
    "memorysetup-bucket-allocator-granularity=16"
    "memorysetup-bucket-allocator-bucket-count=8"
    "memorysetup-bucket-allocator-block-size=33554432"
    "memorysetup-bucket-allocator-block-count=8"
    "memorysetup-main-allocator-block-size=16777216"
    "memorysetup-thread-allocator-block-size=16777216"
    "memorysetup-gfx-main-allocator-block-size=16777216"
    "memorysetup-gfx-thread-allocator-block-size=16777216"
    "memorysetup-cache-allocator-block-size=4194304"
    "memorysetup-typetree-allocator-block-size=2097152"
    "memorysetup-profiler-bucket-allocator-granularity=16"
    "memorysetup-profiler-bucket-allocator-bucket-count=8"
    "memorysetup-profiler-bucket-allocator-block-size=33554432"
    "memorysetup-profiler-bucket-allocator-block-count=8"
    "memorysetup-profiler-allocator-block-size=16777216"
    "memorysetup-profiler-editor-allocator-block-size=1048576"
    "memorysetup-temp-allocator-size-main=16777216"
    "memorysetup-job-temp-allocator-block-size=2097152"
    "memorysetup-job-temp-allocator-block-size-background=1048576"
    "memorysetup-job-temp-allocator-reduction-small-platforms=262144"
    "memorysetup-allocator-temp-initial-block-size-main=262144"
    "memorysetup-allocator-temp-initial-block-size-worker=262144"
    "memorysetup-temp-allocator-size-background-worker=32768"
    "memorysetup-temp-allocator-size-job-worker=262144"
    "memorysetup-temp-allocator-size-preload-manager=33554432"
    "memorysetup-temp-allocator-size-nav-mesh-worker=65536"
    "memorysetup-temp-allocator-size-audio-worker=65536"
    "memorysetup-temp-allocator-size-cloud-worker=32768"
    "memorysetup-temp-allocator-size-gi-baking-worker=262144"
    "memorysetup-temp-allocator-size-gfx=262144"
Player connection [14752]  Target information:

Player connection [14752]  * "[IP] 192.168.1.10 [Port] 0 [Flags] 2 [Guid] 2280553573 [EditorId] 2280553573 [Version] 1048832 [Id] WindowsEditor(7,Steven-Lie) [Debug] 1 [PackageName] WindowsEditor [ProjectName] Editor" 

Player connection [14752] Host joined multi-casting on [225.0.0.222:54997]...
Player connection [14752] Host joined alternative multi-casting on [225.0.0.222:34997]...
[PhysX] Initialized MultithreadedTaskDispatcher with 24 workers.
Refreshing native plugins compatible for Editor in 5.82 ms, found 3 plugins.
Preloading 0 native plugins for Editor in 0.00 ms.
Initialize engine version: 2022.3.43f1 (85497d293fa1)
[Subsystems] Discovering subsystems at path C:/Program Files/Unity/Hub/Editor/2022.3.43f1/Editor/Data/Resources/UnitySubsystems
[Subsystems] Discovering subsystems at path C:/Users/Steven Lie/UAS/Assets
GfxDevice: creating device client; threaded=0; jobified=0
Direct3D:
    Version:  Direct3D 11.0 [level 11.1]
    Renderer: NVIDIA GeForce RTX 4060 Laptop GPU (ID=0x28e0)
    Vendor:   NVIDIA
    VRAM:     7957 MB
    Driver:   32.0.15.6590
Initialize mono
Mono path[0] = 'C:/Program Files/Unity/Hub/Editor/2022.3.43f1/Editor/Data/Managed'
Mono path[1] = 'C:/Program Files/Unity/Hub/Editor/2022.3.43f1/Editor/Data/MonoBleedingEdge/lib/mono/unityjit-win32'
Mono config path = 'C:/Program Files/Unity/Hub/Editor/2022.3.43f1/Editor/Data/MonoBleedingEdge/etc'
Using monoOptions --debugger-agent=transport=dt_socket,embedding=1,server=y,suspend=n,address=127.0.0.1:56268
Begin MonoManager ReloadAssembly
Registering precompiled unity dll's ...
Register platform support module: C:/Program Files/Unity/Hub/Editor/2022.3.43f1/Editor/Data/PlaybackEngines/WebGLSupport/UnityEditor.WebGL.Extensions.dll
Register platform support module: C:/Program Files/Unity/Hub/Editor/2022.3.43f1/Editor/Data/PlaybackEngines/WindowsStandaloneSupport/UnityEditor.WindowsStandalone.Extensions.dll
Registered in 0.007717 seconds.
- Loaded All Assemblies, in  0.261 seconds
Native extension for WindowsStandalone target not found
Native extension for WebGL target not found
Mono: successfully reloaded assembly
- Finished resetting the current domain, in  0.178 seconds
Domain Reload Profiling: 437ms
	BeginReloadAssembly (84ms)
		ExecutionOrderSort (0ms)
		DisableScriptedObjects (0ms)
		BackupInstance (0ms)
		ReleaseScriptingObjects (0ms)
		CreateAndSetChildDomain (0ms)
	RebuildCommonClasses (22ms)
	RebuildNativeTypeToScriptingClass (7ms)
	initialDomainReloadingComplete (45ms)
	LoadAllAssembliesAndSetupDomain (101ms)
		LoadAssemblies (83ms)
		RebuildTransferFunctionScriptingTraits (0ms)
		AnalyzeDomain (99ms)
			TypeCache.Refresh (98ms)
				TypeCache.ScanAssembly (88ms)
			ScanForSourceGeneratedMonoScriptInfo (0ms)
			ResolveRequiredComponents (0ms)
	FinalizeReload (179ms)
		ReleaseScriptCaches (0ms)
		RebuildScriptCaches (0ms)
		SetupLoadedEditorAssemblies (145ms)
			LogAssemblyErrors (0ms)
			InitializePlatformSupportModulesInManaged (8ms)
			SetLoadedEditorAssemblies (4ms)
			RefreshPlugins (0ms)
			BeforeProcessingInitializeOnLoad (2ms)
			ProcessInitializeOnLoadAttributes (100ms)
			ProcessInitializeOnLoadMethodAttributes (31ms)
			AfterProcessingInitializeOnLoad (0ms)
			EditorAssembliesLoaded (0ms)
		ExecutionOrderSort2 (0ms)
		AwakeInstancesAfterBackupRestoration (0ms)
========================================================================
Worker process is ready to serve import requests
Caller must complete domain reload
Begin MonoManager ReloadAssembly
- Loaded All Assemblies, in  0.489 seconds
Native extension for WindowsStandalone target not found
Native extension for WebGL target not found
Package Manager log level set to [2]
[Package Manager] Server::EnsureServerProcessIsRunning -- launch failed, reason: Unity was launched with the -noUpm command-line argument
[Package Manager] UpmClient::Send -- Unable to send message (not connected to UPM process).
[Package Manager] Cannot connect to Unity Package Manager local server
Mono: successfully reloaded assembly
- Finished resetting the current domain, in  0.504 seconds
Domain Reload Profiling: 991ms
	BeginReloadAssembly (112ms)
		ExecutionOrderSort (0ms)
		DisableScriptedObjects (3ms)
		BackupInstance (0ms)
		ReleaseScriptingObjects (0ms)
		CreateAndSetChildDomain (17ms)
	RebuildCommonClasses (22ms)
	RebuildNativeTypeToScriptingClass (7ms)
	initialDomainReloadingComplete (32ms)
	LoadAllAssembliesAndSetupDomain (313ms)
		LoadAssemblies (237ms)
		RebuildTransferFunctionScriptingTraits (0ms)
		AnalyzeDomain (141ms)
			TypeCache.Refresh (122ms)
				TypeCache.ScanAssembly (110ms)
			ScanForSourceGeneratedMonoScriptInfo (13ms)
			ResolveRequiredComponents (4ms)
	FinalizeReload (504ms)
		ReleaseScriptCaches (0ms)
		RebuildScriptCaches (0ms)
		SetupLoadedEditorAssemblies (410ms)
			LogAssemblyErrors (0ms)
			InitializePlatformSupportModulesInManaged (6ms)
			SetLoadedEditorAssemblies (3ms)
			RefreshPlugins (0ms)
			BeforeProcessingInitializeOnLoad (50ms)
			ProcessInitializeOnLoadAttributes (291ms)
			ProcessInitializeOnLoadMethodAttributes (55ms)
			AfterProcessingInitializeOnLoad (6ms)
			EditorAssembliesLoaded (0ms)
		ExecutionOrderSort2 (0ms)
		AwakeInstancesAfterBackupRestoration (4ms)
Launched and connected shader compiler UnityShaderCompiler.exe after 0.06 seconds
Refreshing native plugins compatible for Editor in 4.81 ms, found 3 plugins.
Preloading 0 native plugins for Editor in 0.00 ms.
Unloading 3605 Unused Serialized files (Serialized files now loaded: 0)
Unloading 20 unused Assets / (315.6 KB). Loaded Objects now: 4104.
Memory consumption went from 147.8 MB to 147.4 MB.
Total: 4.318200 ms (FindLiveObjects: 0.224400 ms CreateObjectMapping: 0.110300 ms MarkObjects: 3.854100 ms  DeleteObjects: 0.128400 ms)

AssetImportParameters requested are different than current active one (requested -> active):
  custom:scripting/monoscript/fileName/AnimasiIdleMC.cs: 468f843fb3668c4b968f633f7fafb93b -> 
  custom:container-demuxer-ogg: 62fdf1f143b41e24485cea50d1cbac27 -> 
  custom:video-codec-MediaFoundation-h265: 746d11721c4dcdbdad8f713fa42b33f4 -> 
  custom:video-decoder-ogg-theora: a1e56fd34408186e4bbccfd4996cb3dc -> 
  custom:framework-win-MediaFoundation: 216162199b28c13a410421893ffa2e32 -> 
  custom:CustomObjectIndexerAttribute: 9a22284fe3817be447336de3de66b15e -> 
  custom:container-demuxer-webm: 4f35f7cbe854078d1ac9338744f61a02 -> 
  custom:container-muxer-webm: aa71ff27fc2769a1b78a27578f13a17b -> 
  custom:video-decoder-webm-vp8: 9c59270c3fd7afecdb556c50c9e8de78 -> 
  custom:SearchIndexIgnoredProperties: e643bd26f0fe6173181afceb89e7c659 -> 
  custom:AudioImporter_EditorPlatform: d09bf68614088b80899f8185d706f6e7 -> 
  custom:video-encoder-webm-vp8: eb34c28f22e8b96e1ab97ce403110664 -> 
  custom:audio-decoder-ogg-vorbis: bf7c407c2cedff20999df2af8eb42d56 -> 
  custom:audio-encoder-webm-vorbis: bf7c407c2cedff20999df2af8eb42d56 -> 
========================================================================
Received Import Request.
  Time since last request: 511300.119220 seconds.
  path: Assets/FantasyEnvironments/Environments/FBX/Mushroom1.fbx
  artifactKey: Guid(bdeb79af937bc3940958acedeb2e5c15) Importer(2089858483,0ecaa5967403d082aa24f35e1b516d23)
Start importing Assets/FantasyEnvironments/Environments/FBX/Mushroom1.fbx using Guid(bdeb79af937bc3940958acedeb2e5c15) Importer(2089858483,0ecaa5967403d082aa24f35e1b516d23) [PhysX] Initialized MultithreadedTaskDispatcher with 24 workers.
 -> (artifact id: '2808dda6d59ac0a6d24d340b34e246d9') in 0.164276 seconds
Number of updated asset objects reloaded before import = 0
Number of asset objects unloaded after import = 7
========================================================================
Received Import Request.
  Time since last request: 0.000107 seconds.
  path: Assets/FantasyEnvironments/Environments/Prefabs/Plant2.prefab
  artifactKey: Guid(eb2e3b1d2f96f724e97c8d931ec0d6fc) Importer(2089858483,0ecaa5967403d082aa24f35e1b516d23)
Start importing Assets/FantasyEnvironments/Environments/Prefabs/Plant2.prefab using Guid(eb2e3b1d2f96f724e97c8d931ec0d6fc) Importer(2089858483,0ecaa5967403d082aa24f35e1b516d23) [PhysX] Initialized MultithreadedTaskDispatcher with 24 workers.
 -> (artifact id: '4ae73f61f2f5e012edd73864c0ef92fe') in 0.024339 seconds
Number of updated asset objects reloaded before import = 0
Number of asset objects unloaded after import = 13
========================================================================
Received Import Request.
  Time since last request: 0.000019 seconds.
  path: Assets/FantasyEnvironments/Environments/Prefabs/Flower8.prefab
  artifactKey: Guid(ea732816104f9474d83cbe0dbb7c4258) Importer(2089858483,0ecaa5967403d082aa24f35e1b516d23)
Start importing Assets/FantasyEnvironments/Environments/Prefabs/Flower8.prefab using Guid(ea732816104f9474d83cbe0dbb7c4258) Importer(2089858483,0ecaa5967403d082aa24f35e1b516d23) [PhysX] Initialized MultithreadedTaskDispatcher with 24 workers.
 -> (artifact id: 'f900048c07c180c0325478b73563cb33') in 0.022280 seconds
Number of updated asset objects reloaded before import = 0
Number of asset objects unloaded after import = 13
========================================================================
Received Import Request.
  Time since last request: 0.000023 seconds.
  path: Assets/Picola/PicoChan/Models/Running.anim
  artifactKey: Guid(474defd4e85ee2745a2c4f57c479a012) Importer(2089858483,0ecaa5967403d082aa24f35e1b516d23)
Start importing Assets/Picola/PicoChan/Models/Running.anim using Guid(474defd4e85ee2745a2c4f57c479a012) Importer(2089858483,0ecaa5967403d082aa24f35e1b516d23) [PhysX] Initialized MultithreadedTaskDispatcher with 24 workers.
 -> (artifact id: '6cfa76d0ed5923af4cbef49f7a9e358d') in 0.025118 seconds
Number of updated asset objects reloaded before import = 0
Number of asset objects unloaded after import = 1
========================================================================
Received Import Request.
  Time since last request: 0.000031 seconds.
  path: Assets/Picola/PicoChan/Materials/pico_body_m.mat
  artifactKey: Guid(4d9e79636f142374baf5df39ad6fe194) Importer(2089858483,0ecaa5967403d082aa24f35e1b516d23)
Start importing Assets/Picola/PicoChan/Materials/pico_body_m.mat using Guid(4d9e79636f142374baf5df39ad6fe194) Importer(2089858483,0ecaa5967403d082aa24f35e1b516d23) [PhysX] Initialized MultithreadedTaskDispatcher with 24 workers.
 -> (artifact id: '3d322565223e8680107af712662d7a7c') in 0.059316 seconds
Number of updated asset objects reloaded before import = 0
Number of asset objects unloaded after import = 2
========================================================================
Received Import Request.
  Time since last request: 0.000019 seconds.
  path: Assets/FantasyEnvironments/Environments/Textures/ground_road.png
  artifactKey: Guid(30e675638d75a9146afc3018218935cd) Importer(2089858483,0ecaa5967403d082aa24f35e1b516d23)
Start importing Assets/FantasyEnvironments/Environments/Textures/ground_road.png using Guid(30e675638d75a9146afc3018218935cd) Importer(2089858483,0ecaa5967403d082aa24f35e1b516d23) [PhysX] Initialized MultithreadedTaskDispatcher with 24 workers.
 -> (artifact id: 'dbf2ff31bab64f64b09142ceb400f289') in 0.047943 seconds
Number of updated asset objects reloaded before import = 0
Number of asset objects unloaded after import = 1
========================================================================
Received Import Request.
  Time since last request: 0.000033 seconds.
  path: Assets/FantasyEnvironments/Environments/Prefabs/Stone2.prefab
  artifactKey: Guid(f36916143c7509543b1b8d40091baa24) Importer(2089858483,0ecaa5967403d082aa24f35e1b516d23)
Start importing Assets/FantasyEnvironments/Environments/Prefabs/Stone2.prefab using Guid(f36916143c7509543b1b8d40091baa24) Importer(2089858483,0ecaa5967403d082aa24f35e1b516d23) [PhysX] Initialized MultithreadedTaskDispatcher with 24 workers.
 -> (artifact id: '1c7cec68210e84a6c73bd4b4f339db46') in 0.020485 seconds
Number of updated asset objects reloaded before import = 0
Number of asset objects unloaded after import = 21
========================================================================
Received Import Request.
  Time since last request: 0.000028 seconds.
  path: Assets/Picola/PicoChan/Textures/pico_chan_chr_pico_00_body_c.png
  artifactKey: Guid(4b25c0ff4a2122446aaae36e8e280175) Importer(2089858483,0ecaa5967403d082aa24f35e1b516d23)
Start importing Assets/Picola/PicoChan/Textures/pico_chan_chr_pico_00_body_c.png using Guid(4b25c0ff4a2122446aaae36e8e280175) Importer(2089858483,0ecaa5967403d082aa24f35e1b516d23) [PhysX] Initialized MultithreadedTaskDispatcher with 24 workers.
 -> (artifact id: '5bea4969df1839b1fe35c9c702ff6dc4') in 0.016962 seconds
Number of updated asset objects reloaded before import = 0
Number of asset objects unloaded after import = 1
========================================================================
Received Import Request.
  Time since last request: 0.000140 seconds.
  path: Assets/FantasyEnvironments/Environments/FBX/Stone2.fbx
  artifactKey: Guid(193d92fc48f3f1e40b415f21fc05d5a4) Importer(2089858483,0ecaa5967403d082aa24f35e1b516d23)
Start importing Assets/FantasyEnvironments/Environments/FBX/Stone2.fbx using Guid(193d92fc48f3f1e40b415f21fc05d5a4) Importer(2089858483,0ecaa5967403d082aa24f35e1b516d23) [PhysX] Initialized MultithreadedTaskDispatcher with 24 workers.
 -> (artifact id: '7ad19baaa287da15c5e429d6300c25e2') in 0.017481 seconds
Number of updated asset objects reloaded before import = 0
Number of asset objects unloaded after import = 20
========================================================================
Received Import Request.
  Time since last request: 0.000018 seconds.
  path: Assets/FantasyEnvironments/Environments/Prefabs/Flower1.prefab
  artifactKey: Guid(7358ad30e7ab6be4b8cf21062d019675) Importer(2089858483,0ecaa5967403d082aa24f35e1b516d23)
Start importing Assets/FantasyEnvironments/Environments/Prefabs/Flower1.prefab using Guid(7358ad30e7ab6be4b8cf21062d019675) Importer(2089858483,0ecaa5967403d082aa24f35e1b516d23) [PhysX] Initialized MultithreadedTaskDispatcher with 24 workers.
 -> (artifact id: 'adade3d79b3213544c1dc597e631f32c') in 0.013895 seconds
Number of updated asset objects reloaded before import = 0
Number of asset objects unloaded after import = 13
========================================================================
Received Import Request.
  Time since last request: 0.000016 seconds.
  path: Assets/FantasyEnvironments/Environments/Prefabs/Grass4.prefab
  artifactKey: Guid(c00784b589bee494b831054cc54dbf7b) Importer(2089858483,0ecaa5967403d082aa24f35e1b516d23)
Start importing Assets/FantasyEnvironments/Environments/Prefabs/Grass4.prefab using Guid(c00784b589bee494b831054cc54dbf7b) Importer(2089858483,0ecaa5967403d082aa24f35e1b516d23) [PhysX] Initialized MultithreadedTaskDispatcher with 24 workers.
 -> (artifact id: 'e5c0119649a69d8dbd1ec001c8be7895') in 0.010001 seconds
Number of updated asset objects reloaded before import = 0
Number of asset objects unloaded after import = 13
========================================================================
Received Import Request.
  Time since last request: 0.000155 seconds.
  path: Assets/FantasyEnvironments/Environments/Prefabs/Grass3.prefab
  artifactKey: Guid(ea784f90c6a294d4c943e54ce9184fb2) Importer(2089858483,0ecaa5967403d082aa24f35e1b516d23)
Start importing Assets/FantasyEnvironments/Environments/Prefabs/Grass3.prefab using Guid(ea784f90c6a294d4c943e54ce9184fb2) Importer(2089858483,0ecaa5967403d082aa24f35e1b516d23) [PhysX] Initialized MultithreadedTaskDispatcher with 24 workers.
 -> (artifact id: '40fb1b61eb29515a4224972496b5ce68') in 0.014192 seconds
Number of updated asset objects reloaded before import = 0
Number of asset objects unloaded after import = 13
========================================================================
Received Import Request.
  Time since last request: 0.000015 seconds.
  path: Assets/FantasyEnvironments/Environments/Prefabs/Flower6.prefab
  artifactKey: Guid(0b6bd30c5d303194db3c59feae69ab39) Importer(2089858483,0ecaa5967403d082aa24f35e1b516d23)
Start importing Assets/FantasyEnvironments/Environments/Prefabs/Flower6.prefab using Guid(0b6bd30c5d303194db3c59feae69ab39) Importer(2089858483,0ecaa5967403d082aa24f35e1b516d23) [PhysX] Initialized MultithreadedTaskDispatcher with 24 workers.
 -> (artifact id: 'ab42c4a139e496ac81e860cb66a8be70') in 0.015592 seconds
Number of updated asset objects reloaded before import = 0
Number of asset objects unloaded after import = 13
========================================================================
Received Import Request.
  Time since last request: 0.000024 seconds.
  path: Assets/FantasyEnvironments/Environments/Prefabs/Fern1.prefab
  artifactKey: Guid(0c7542f3d05c9a4468ea43aec782fdac) Importer(2089858483,0ecaa5967403d082aa24f35e1b516d23)
Start importing Assets/FantasyEnvironments/Environments/Prefabs/Fern1.prefab using Guid(0c7542f3d05c9a4468ea43aec782fdac) Importer(2089858483,0ecaa5967403d082aa24f35e1b516d23) [PhysX] Initialized MultithreadedTaskDispatcher with 24 workers.
 -> (artifact id: 'f8bd5c2b95fe5f1f61c458aaed8320bc') in 0.017578 seconds
Number of updated asset objects reloaded before import = 0
Number of asset objects unloaded after import = 13
========================================================================
Received Import Request.
  Time since last request: 0.000015 seconds.
  path: Assets/Fantasy Skybox FREE/Panoramics/FS003/FS003_Snowy.png
  artifactKey: Guid(f4d685236ef56ef41a4ddef00508a2c5) Importer(2089858483,0ecaa5967403d082aa24f35e1b516d23)
Start importing Assets/Fantasy Skybox FREE/Panoramics/FS003/FS003_Snowy.png using Guid(f4d685236ef56ef41a4ddef00508a2c5) Importer(2089858483,0ecaa5967403d082aa24f35e1b516d23) [PhysX] Initialized MultithreadedTaskDispatcher with 24 workers.
 -> (artifact id: '6ae6042026f1150400c7ebcc1fbc810a') in 0.016896 seconds
Number of updated asset objects reloaded before import = 0
Number of asset objects unloaded after import = 1
========================================================================
Received Import Request.
  Time since last request: 0.000017 seconds.
  path: Assets/Fantasy Skybox FREE/Scenes/Textures (Terrain)/Brush_Flower.png
  artifactKey: Guid(0d383f0cd0395064eb4b64619b2840f3) Importer(2089858483,0ecaa5967403d082aa24f35e1b516d23)
Start importing Assets/Fantasy Skybox FREE/Scenes/Textures (Terrain)/Brush_Flower.png using Guid(0d383f0cd0395064eb4b64619b2840f3) Importer(2089858483,0ecaa5967403d082aa24f35e1b516d23) [PhysX] Initialized MultithreadedTaskDispatcher with 24 workers.
 -> (artifact id: 'd26e130c028450a4862bbe67bacfd22b') in 0.026348 seconds
Number of updated asset objects reloaded before import = 0
Number of asset objects unloaded after import = 1
========================================================================
Received Import Request.
  Time since last request: 0.000014 seconds.
  path: Assets/Fantasy Skybox FREE/Cubemaps/Classic/FS000_Day_01.png
  artifactKey: Guid(1331a26d2843a1148a23d5ddc81629dc) Importer(2089858483,0ecaa5967403d082aa24f35e1b516d23)
Start importing Assets/Fantasy Skybox FREE/Cubemaps/Classic/FS000_Day_01.png using Guid(1331a26d2843a1148a23d5ddc81629dc) Importer(2089858483,0ecaa5967403d082aa24f35e1b516d23) [PhysX] Initialized MultithreadedTaskDispatcher with 24 workers.
 -> (artifact id: '9af650c1c331b1e20556feddfc080e8e') in 0.013269 seconds
Number of updated asset objects reloaded before import = 0
Number of asset objects unloaded after import = 1
========================================================================
Received Import Request.
  Time since last request: 0.000019 seconds.
  path: Assets/Fantasy Skybox FREE/Cubemaps/Classic/FS000_Day_03.png
  artifactKey: Guid(24941804827e1524eb70477f7f68a111) Importer(2089858483,0ecaa5967403d082aa24f35e1b516d23)
Start importing Assets/Fantasy Skybox FREE/Cubemaps/Classic/FS000_Day_03.png using Guid(24941804827e1524eb70477f7f68a111) Importer(2089858483,0ecaa5967403d082aa24f35e1b516d23) [PhysX] Initialized MultithreadedTaskDispatcher with 24 workers.
 -> (artifact id: '49c990ccf6a85b3de57292831d00a6cb') in 0.018398 seconds
Number of updated asset objects reloaded before import = 0
Number of asset objects unloaded after import = 1
========================================================================
Received Import Request.
  Time since last request: 0.000021 seconds.
  path: Assets/TerrainData_f4fc69fb-af5a-4159-8671-84d1b6eb180d.asset
  artifactKey: Guid(5e18e2fb66ebac943ab6cf6f61a34209) Importer(2089858483,0ecaa5967403d082aa24f35e1b516d23)
Start importing Assets/TerrainData_f4fc69fb-af5a-4159-8671-84d1b6eb180d.asset using Guid(5e18e2fb66ebac943ab6cf6f61a34209) Importer(2089858483,0ecaa5967403d082aa24f35e1b516d23) [PhysX] Initialized MultithreadedTaskDispatcher with 24 workers.
 -> (artifact id: 'eb1601f20088e4a1ec944c28e786493a') in 0.031950 seconds
Number of updated asset objects reloaded before import = 0
Number of asset objects unloaded after import = 2
========================================================================
Received Import Request.
  Time since last request: 0.000024 seconds.
  path: Assets/Fantasy Skybox FREE/Cubemaps/Classic/FS000_Day_04.mat
  artifactKey: Guid(1700716a8dd8948cf8c66ea34a2786d5) Importer(2089858483,0ecaa5967403d082aa24f35e1b516d23)
Start importing Assets/Fantasy Skybox FREE/Cubemaps/Classic/FS000_Day_04.mat using Guid(1700716a8dd8948cf8c66ea34a2786d5) Importer(2089858483,0ecaa5967403d082aa24f35e1b516d23) [PhysX] Initialized MultithreadedTaskDispatcher with 24 workers.
 -> (artifact id: '856a4d5371201a9290e158b0d07e8745') in 0.014705 seconds
Number of updated asset objects reloaded before import = 0
Number of asset objects unloaded after import = 2
========================================================================
Received Import Request.
  Time since last request: 0.000017 seconds.
  path: Assets/FantasyEnvironments/Environments/FBX/Flower5.fbx
  artifactKey: Guid(80d8360431edd3348ab6965deb624c9a) Importer(2089858483,0ecaa5967403d082aa24f35e1b516d23)
Start importing Assets/FantasyEnvironments/Environments/FBX/Flower5.fbx using Guid(80d8360431edd3348ab6965deb624c9a) Importer(2089858483,0ecaa5967403d082aa24f35e1b516d23) [PhysX] Initialized MultithreadedTaskDispatcher with 24 workers.
 -> (artifact id: 'c0848d8662ef76aa061b93fbbfbbb1ef') in 0.011592 seconds
Number of updated asset objects reloaded before import = 0
Number of asset objects unloaded after import = 7
========================================================================
Received Import Request.
  Time since last request: 0.000022 seconds.
  path: Assets/Fantasy Skybox FREE/Panoramics/FS002/FS002_Night_Moonless.png
  artifactKey: Guid(13ec4f589b2340646969832fc2e68ec6) Importer(2089858483,0ecaa5967403d082aa24f35e1b516d23)
Start importing Assets/Fantasy Skybox FREE/Panoramics/FS002/FS002_Night_Moonless.png using Guid(13ec4f589b2340646969832fc2e68ec6) Importer(2089858483,0ecaa5967403d082aa24f35e1b516d23) [PhysX] Initialized MultithreadedTaskDispatcher with 24 workers.
 -> (artifact id: '8d55b8dab25744489561cdfcc89bf933') in 0.012415 seconds
Number of updated asset objects reloaded before import = 0
Number of asset objects unloaded after import = 1
========================================================================
Received Import Request.
  Time since last request: 0.000013 seconds.
  path: Assets/Fantasy Skybox FREE/Cubemaps/Classic/FS000_Day_03.mat
  artifactKey: Guid(33ab377b49aa14f6fae6e5bac230a5d4) Importer(2089858483,0ecaa5967403d082aa24f35e1b516d23)
Start importing Assets/Fantasy Skybox FREE/Cubemaps/Classic/FS000_Day_03.mat using Guid(33ab377b49aa14f6fae6e5bac230a5d4) Importer(2089858483,0ecaa5967403d082aa24f35e1b516d23) [PhysX] Initialized MultithreadedTaskDispatcher with 24 workers.
 -> (artifact id: '9f9b00bb06993ade20be4cd31d766cc4') in 0.007450 seconds
Number of updated asset objects reloaded before import = 0
Number of asset objects unloaded after import = 2
========================================================================
Received Import Request.
  Time since last request: 0.000013 seconds.
  path: Assets/Tree_Textures/normal_specular.png
  artifactKey: Guid(ff82bd03feec0714db40bca16d6bebe8) Importer(2089858483,0ecaa5967403d082aa24f35e1b516d23)
Start importing Assets/Tree_Textures/normal_specular.png using Guid(ff82bd03feec0714db40bca16d6bebe8) Importer(2089858483,0ecaa5967403d082aa24f35e1b516d23) [PhysX] Initialized MultithreadedTaskDispatcher with 24 workers.
 -> (artifact id: '44656e6cb8668afbbb77c85c8380ed09') in 0.012055 seconds
Number of updated asset objects reloaded before import = 0
Number of asset objects unloaded after import = 1
========================================================================
Received Import Request.
  Time since last request: 0.000017 seconds.
  path: Assets/Fantasy Skybox FREE/Cubemaps/Classic/FS000_Night_01.mat
  artifactKey: Guid(ab675e6698bde46fd87143fb0d7580cb) Importer(2089858483,0ecaa5967403d082aa24f35e1b516d23)
Start importing Assets/Fantasy Skybox FREE/Cubemaps/Classic/FS000_Night_01.mat using Guid(ab675e6698bde46fd87143fb0d7580cb) Importer(2089858483,0ecaa5967403d082aa24f35e1b516d23) [PhysX] Initialized MultithreadedTaskDispatcher with 24 workers.
 -> (artifact id: '029a730f977346d10a3c571613fae7e8') in 0.010282 seconds
Number of updated asset objects reloaded before import = 0
Number of asset objects unloaded after import = 2
========================================================================
Received Import Request.
  Time since last request: 0.000017 seconds.
  path: Assets/FantasyEnvironments/Environments/Prefabs/Bush1.prefab
  artifactKey: Guid(e6ee60cd48ca7fa478e3065e30330864) Importer(2089858483,0ecaa5967403d082aa24f35e1b516d23)
Start importing Assets/FantasyEnvironments/Environments/Prefabs/Bush1.prefab using Guid(e6ee60cd48ca7fa478e3065e30330864) Importer(2089858483,0ecaa5967403d082aa24f35e1b516d23) [PhysX] Initialized MultithreadedTaskDispatcher with 24 workers.
 -> (artifact id: 'e01be84b5b6e2b15661dfea4fff288f9') in 0.012774 seconds
Number of updated asset objects reloaded before import = 0
Number of asset objects unloaded after import = 13
========================================================================
Received Import Request.
  Time since last request: 0.032124 seconds.
  path: Assets/FantasyEnvironments/Environments/Ambient-Occlusion-Trees/FBX/Birch_tree3.fbx
  artifactKey: Guid(f6feeb777ba150e40945ad3cf246b2c3) Importer(2089858483,0ecaa5967403d082aa24f35e1b516d23)
Start importing Assets/FantasyEnvironments/Environments/Ambient-Occlusion-Trees/FBX/Birch_tree3.fbx using Guid(f6feeb777ba150e40945ad3cf246b2c3) Importer(2089858483,0ecaa5967403d082aa24f35e1b516d23) [PhysX] Initialized MultithreadedTaskDispatcher with 24 workers.
 -> (artifact id: 'a10a5b120433a30286166483eb8cbcf5') in 0.013195 seconds
Number of updated asset objects reloaded before import = 0
Number of asset objects unloaded after import = 7
========================================================================
Received Import Request.
  Time since last request: 0.000014 seconds.
  path: Assets/FantasyEnvironments/Environments/Town/FBXs/Food_bottle6.fbx
  artifactKey: Guid(2d72679fdea82344a87c838c6502f395) Importer(2089858483,0ecaa5967403d082aa24f35e1b516d23)
Start importing Assets/FantasyEnvironments/Environments/Town/FBXs/Food_bottle6.fbx using Guid(2d72679fdea82344a87c838c6502f395) Importer(2089858483,0ecaa5967403d082aa24f35e1b516d23) [PhysX] Initialized MultithreadedTaskDispatcher with 24 workers.
 -> (artifact id: 'b50919b8b636804a99da41efe36fd906') in 0.018292 seconds
Number of updated asset objects reloaded before import = 0
Number of asset objects unloaded after import = 7
========================================================================
Received Import Request.
  Time since last request: 0.000068 seconds.
  path: Assets/FantasyEnvironments/Environments/Ambient-Occlusion-Trees/Materials/Oak_leaves.mat
  artifactKey: Guid(f0fc4479c6cf20c41a330110c6260929) Importer(2089858483,0ecaa5967403d082aa24f35e1b516d23)
Start importing Assets/FantasyEnvironments/Environments/Ambient-Occlusion-Trees/Materials/Oak_leaves.mat using Guid(f0fc4479c6cf20c41a330110c6260929) Importer(2089858483,0ecaa5967403d082aa24f35e1b516d23) [PhysX] Initialized MultithreadedTaskDispatcher with 24 workers.
 -> (artifact id: '44b4a12324501e010eacf3d13f627ef0') in 0.010432 seconds
Number of updated asset objects reloaded before import = 0
Number of asset objects unloaded after import = 2
========================================================================
Received Import Request.
  Time since last request: 0.000015 seconds.
  path: Assets/FantasyEnvironments/Environments/Ambient-Occlusion-Trees/FBX/Pine_tree3.fbx
  artifactKey: Guid(fa9ba8d7866c66e45a7f15e881001118) Importer(2089858483,0ecaa5967403d082aa24f35e1b516d23)
Start importing Assets/FantasyEnvironments/Environments/Ambient-Occlusion-Trees/FBX/Pine_tree3.fbx using Guid(fa9ba8d7866c66e45a7f15e881001118) Importer(2089858483,0ecaa5967403d082aa24f35e1b516d23) [PhysX] Initialized MultithreadedTaskDispatcher with 24 workers.
 -> (artifact id: '289281d803ce9de3b7a1b668ea63b601') in 0.014323 seconds
Number of updated asset objects reloaded before import = 0
Number of asset objects unloaded after import = 7
========================================================================
Received Import Request.
  Time since last request: 0.000016 seconds.
  path: Assets/FantasyEnvironments/Environments/Ambient-Occlusion-Trees/Prefabs/Birch_tree3.prefab
  artifactKey: Guid(41282c525de09854e95ed5d9f9c17fb5) Importer(2089858483,0ecaa5967403d082aa24f35e1b516d23)
Start importing Assets/FantasyEnvironments/Environments/Ambient-Occlusion-Trees/Prefabs/Birch_tree3.prefab using Guid(41282c525de09854e95ed5d9f9c17fb5) Importer(2089858483,0ecaa5967403d082aa24f35e1b516d23) [PhysX] Initialized MultithreadedTaskDispatcher with 24 workers.
 -> (artifact id: '1701def8b2d01db601286b45ebeff950') in 0.012357 seconds
Number of updated asset objects reloaded before import = 0
Number of asset objects unloaded after import = 8
========================================================================
Received Import Request.
  Time since last request: 0.000015 seconds.
  path: Assets/FantasyEnvironments/Environments/Town/FBXs/Food_bottle1.fbx
  artifactKey: Guid(1136156e39004b046a3f08df7cb09377) Importer(2089858483,0ecaa5967403d082aa24f35e1b516d23)
Start importing Assets/FantasyEnvironments/Environments/Town/FBXs/Food_bottle1.fbx using Guid(1136156e39004b046a3f08df7cb09377) Importer(2089858483,0ecaa5967403d082aa24f35e1b516d23) [PhysX] Initialized MultithreadedTaskDispatcher with 24 workers.
 -> (artifact id: '3911015c1259f171aab73bbd7bb488ef') in 0.017871 seconds
Number of updated asset objects reloaded before import = 0
Number of asset objects unloaded after import = 7
========================================================================
Received Import Request.
  Time since last request: 0.000018 seconds.
  path: Assets/FantasyEnvironments/Environments/Ambient-Occlusion-Trees/Materials/Birch_bark.mat
  artifactKey: Guid(7ed001e11f025264c8b5dfc5b0702319) Importer(2089858483,0ecaa5967403d082aa24f35e1b516d23)
Start importing Assets/FantasyEnvironments/Environments/Ambient-Occlusion-Trees/Materials/Birch_bark.mat using Guid(7ed001e11f025264c8b5dfc5b0702319) Importer(2089858483,0ecaa5967403d082aa24f35e1b516d23) [PhysX] Initialized MultithreadedTaskDispatcher with 24 workers.
 -> (artifact id: '64fb9546f8e181ba56d78aed5d3abb70') in 0.009528 seconds
Number of updated asset objects reloaded before import = 0
Number of asset objects unloaded after import = 2
========================================================================
Received Import Request.
  Time since last request: 0.000015 seconds.
  path: Assets/FantasyEnvironments/Environments/Town/FBXs/Food_pie.fbx
  artifactKey: Guid(e99da325978c805469541d64094778ae) Importer(2089858483,0ecaa5967403d082aa24f35e1b516d23)
Start importing Assets/FantasyEnvironments/Environments/Town/FBXs/Food_pie.fbx using Guid(e99da325978c805469541d64094778ae) Importer(2089858483,0ecaa5967403d082aa24f35e1b516d23) [PhysX] Initialized MultithreadedTaskDispatcher with 24 workers.
 -> (artifact id: 'cc6052a2fdcc41478b4cf371e191c4c4') in 0.016975 seconds
Number of updated asset objects reloaded before import = 0
Number of asset objects unloaded after import = 7
========================================================================
Received Import Request.
  Time since last request: 0.000017 seconds.
  path: Assets/FantasyEnvironments/Environments/Town/FBXs/Food_bowler.fbx
  artifactKey: Guid(77aeca3d1d4485642b474f0116ec7ce1) Importer(2089858483,0ecaa5967403d082aa24f35e1b516d23)
Start importing Assets/FantasyEnvironments/Environments/Town/FBXs/Food_bowler.fbx using Guid(77aeca3d1d4485642b474f0116ec7ce1) Importer(2089858483,0ecaa5967403d082aa24f35e1b516d23) [PhysX] Initialized MultithreadedTaskDispatcher with 24 workers.
 -> (artifact id: '9823ed33a646b2b56e21de5f745c30e0') in 0.017963 seconds
Number of updated asset objects reloaded before import = 0
Number of asset objects unloaded after import = 7
========================================================================
Received Import Request.
  Time since last request: 0.000021 seconds.
  path: Assets/FantasyEnvironments/Environments/Ambient-Occlusion-Trees/Textures/Willow_leaves.tga
  artifactKey: Guid(7987c5bb233b761468b48880edf7eee1) Importer(2089858483,0ecaa5967403d082aa24f35e1b516d23)
Start importing Assets/FantasyEnvironments/Environments/Ambient-Occlusion-Trees/Textures/Willow_leaves.tga using Guid(7987c5bb233b761468b48880edf7eee1) Importer(2089858483,0ecaa5967403d082aa24f35e1b516d23) [PhysX] Initialized MultithreadedTaskDispatcher with 24 workers.
 -> (artifact id: '3a991a63af97940c3ba20c8bee9d155d') in 0.013422 seconds
Number of updated asset objects reloaded before import = 0
Number of asset objects unloaded after import = 1
========================================================================
Received Import Request.
  Time since last request: 0.000015 seconds.
  path: Assets/FantasyEnvironments/Environments/Town/FBXs/Food_cup3.fbx
  artifactKey: Guid(344feef5deb34244e8199f33ca37a79b) Importer(2089858483,0ecaa5967403d082aa24f35e1b516d23)
Start importing Assets/FantasyEnvironments/Environments/Town/FBXs/Food_cup3.fbx using Guid(344feef5deb34244e8199f33ca37a79b) Importer(2089858483,0ecaa5967403d082aa24f35e1b516d23) [PhysX] Initialized MultithreadedTaskDispatcher with 24 workers.
 -> (artifact id: '4c6381376de6fb1abe4adb7e594cdb09') in 0.017542 seconds
Number of updated asset objects reloaded before import = 0
Number of asset objects unloaded after import = 7
========================================================================
Received Import Request.
  Time since last request: 0.000017 seconds.
  path: Assets/FantasyEnvironments/Environments/Town/FBXs/Furniture_book3.fbx
  artifactKey: Guid(778f192815817c445988728d32d433bf) Importer(2089858483,0ecaa5967403d082aa24f35e1b516d23)
Start importing Assets/FantasyEnvironments/Environments/Town/FBXs/Furniture_book3.fbx using Guid(778f192815817c445988728d32d433bf) Importer(2089858483,0ecaa5967403d082aa24f35e1b516d23) [PhysX] Initialized MultithreadedTaskDispatcher with 24 workers.
 -> (artifact id: 'c4af81407fd1dcc151ef30f7448b9319') in 0.017517 seconds
Number of updated asset objects reloaded before import = 0
Number of asset objects unloaded after import = 7
========================================================================
Received Import Request.
  Time since last request: 0.000021 seconds.
  path: Assets/FantasyEnvironments/Environments/Ambient-Occlusion-Trees/Prefabs/Oak_tree3.prefab
  artifactKey: Guid(deb3021f729059242af2e33c46ab5dfb) Importer(2089858483,0ecaa5967403d082aa24f35e1b516d23)
Start importing Assets/FantasyEnvironments/Environments/Ambient-Occlusion-Trees/Prefabs/Oak_tree3.prefab using Guid(deb3021f729059242af2e33c46ab5dfb) Importer(2089858483,0ecaa5967403d082aa24f35e1b516d23) [PhysX] Initialized MultithreadedTaskDispatcher with 24 workers.
 -> (artifact id: '0eddd660c4a7e9b9b3c64022cafba5bb') in 0.010368 seconds
Number of updated asset objects reloaded before import = 0
Number of asset objects unloaded after import = 8
========================================================================
Received Import Request.
  Time since last request: 0.000019 seconds.
  path: Assets/FantasyEnvironments/Environments/Ambient-Occlusion-Trees/Textures/Birch_leaves.tga
  artifactKey: Guid(ee8680ca49b912746958dd16c5d23051) Importer(2089858483,0ecaa5967403d082aa24f35e1b516d23)
Start importing Assets/FantasyEnvironments/Environments/Ambient-Occlusion-Trees/Textures/Birch_leaves.tga using Guid(ee8680ca49b912746958dd16c5d23051) Importer(2089858483,0ecaa5967403d082aa24f35e1b516d23) [PhysX] Initialized MultithreadedTaskDispatcher with 24 workers.
 -> (artifact id: '7daf52d961369369c6cc2179bd2f632f') in 0.014001 seconds
Number of updated asset objects reloaded before import = 0
Number of asset objects unloaded after import = 1
========================================================================
Received Import Request.
  Time since last request: 0.000096 seconds.
  path: Assets/FantasyEnvironments/Environments/Town/FBXs/cart3.fbx
  artifactKey: Guid(3fe567b2473c3e84b9ddf27a8f78d844) Importer(2089858483,0ecaa5967403d082aa24f35e1b516d23)
Start importing Assets/FantasyEnvironments/Environments/Town/FBXs/cart3.fbx using Guid(3fe567b2473c3e84b9ddf27a8f78d844) Importer(2089858483,0ecaa5967403d082aa24f35e1b516d23) [PhysX] Initialized MultithreadedTaskDispatcher with 24 workers.
 -> (artifact id: '511c892e29ed5bcdcd58c7c2deb9dd7a') in 0.019852 seconds
Number of updated asset objects reloaded before import = 0
Number of asset objects unloaded after import = 20
========================================================================
Received Import Request.
  Time since last request: 0.000017 seconds.
  path: Assets/FantasyEnvironments/Environments/Ambient-Occlusion-Trees/Prefabs/Deciduous_tree3.prefab
  artifactKey: Guid(f68e891b21d164a4bbe322e20e50633b) Importer(2089858483,0ecaa5967403d082aa24f35e1b516d23)
Start importing Assets/FantasyEnvironments/Environments/Ambient-Occlusion-Trees/Prefabs/Deciduous_tree3.prefab using Guid(f68e891b21d164a4bbe322e20e50633b) Importer(2089858483,0ecaa5967403d082aa24f35e1b516d23) [PhysX] Initialized MultithreadedTaskDispatcher with 24 workers.
 -> (artifact id: 'dd3ffe6f846b6cc181175e66c9bc89c4') in 0.010957 seconds
Number of updated asset objects reloaded before import = 0
Number of asset objects unloaded after import = 8
========================================================================
Received Import Request.
  Time since last request: 0.000016 seconds.
  path: Assets/FantasyEnvironments/Environments/Ambient-Occlusion-Trees/Prefabs/Deciduous_tree4.prefab
  artifactKey: Guid(31503e1a3ea2c3049b62e31c4c6c9397) Importer(2089858483,0ecaa5967403d082aa24f35e1b516d23)
Start importing Assets/FantasyEnvironments/Environments/Ambient-Occlusion-Trees/Prefabs/Deciduous_tree4.prefab using Guid(31503e1a3ea2c3049b62e31c4c6c9397) Importer(2089858483,0ecaa5967403d082aa24f35e1b516d23) [PhysX] Initialized MultithreadedTaskDispatcher with 24 workers.
 -> (artifact id: 'a1e2994fb78576b46189505232c791ad') in 0.010974 seconds
Number of updated asset objects reloaded before import = 0
Number of asset objects unloaded after import = 8
========================================================================
Received Import Request.
  Time since last request: 0.000017 seconds.
  path: Assets/FantasyEnvironments/Environments/Ambient-Occlusion-Trees/FBX/Deciduous_tree3.fbx
  artifactKey: Guid(7b2d8dd6419857e46a0d2b8599f9e4de) Importer(2089858483,0ecaa5967403d082aa24f35e1b516d23)
Start importing Assets/FantasyEnvironments/Environments/Ambient-Occlusion-Trees/FBX/Deciduous_tree3.fbx using Guid(7b2d8dd6419857e46a0d2b8599f9e4de) Importer(2089858483,0ecaa5967403d082aa24f35e1b516d23) [PhysX] Initialized MultithreadedTaskDispatcher with 24 workers.
 -> (artifact id: '09074174c6341ad0be8031b5f66e9b6f') in 0.015556 seconds
Number of updated asset objects reloaded before import = 0
Number of asset objects unloaded after import = 7
========================================================================
Received Import Request.
  Time since last request: 0.000017 seconds.
  path: Assets/FantasyEnvironments/Environments/Town/FBXs/Food_fish.fbx
  artifactKey: Guid(6c8d5f828697dd146b9b4dc6372b8e2f) Importer(2089858483,0ecaa5967403d082aa24f35e1b516d23)
Start importing Assets/FantasyEnvironments/Environments/Town/FBXs/Food_fish.fbx using Guid(6c8d5f828697dd146b9b4dc6372b8e2f) Importer(2089858483,0ecaa5967403d082aa24f35e1b516d23) [PhysX] Initialized MultithreadedTaskDispatcher with 24 workers.
 -> (artifact id: '55a35a627fac76ef6f21d741f05812f0') in 0.017915 seconds
Number of updated asset objects reloaded before import = 0
Number of asset objects unloaded after import = 7
========================================================================
Received Import Request.
  Time since last request: 0.000019 seconds.
  path: Assets/FantasyEnvironments/Environments/Town/Animations/DoorOpen.anim
  artifactKey: Guid(93bfbd3ee29b5584ea6252914f98cc8a) Importer(2089858483,0ecaa5967403d082aa24f35e1b516d23)
Start importing Assets/FantasyEnvironments/Environments/Town/Animations/DoorOpen.anim using Guid(93bfbd3ee29b5584ea6252914f98cc8a) Importer(2089858483,0ecaa5967403d082aa24f35e1b516d23) [PhysX] Initialized MultithreadedTaskDispatcher with 24 workers.
 -> (artifact id: '31d51696c15e8037e76d89d4ee9aaeee') in 0.014679 seconds
Number of updated asset objects reloaded before import = 0
Number of asset objects unloaded after import = 1
========================================================================
Received Import Request.
  Time since last request: 0.000017 seconds.
  path: Assets/FantasyEnvironments/Environments/Ambient-Occlusion-Trees/Materials/Tree_leaves2.mat
  artifactKey: Guid(2615ae633195cad438e2b96b394e2f5e) Importer(2089858483,0ecaa5967403d082aa24f35e1b516d23)
Start importing Assets/FantasyEnvironments/Environments/Ambient-Occlusion-Trees/Materials/Tree_leaves2.mat using Guid(2615ae633195cad438e2b96b394e2f5e) Importer(2089858483,0ecaa5967403d082aa24f35e1b516d23) [PhysX] Initialized MultithreadedTaskDispatcher with 24 workers.
 -> (artifact id: '087049b5e4588f8d2499d010fee23f0b') in 0.009219 seconds
Number of updated asset objects reloaded before import = 0
Number of asset objects unloaded after import = 2
========================================================================
Received Import Request.
  Time since last request: 0.000015 seconds.
  path: Assets/FantasyEnvironments/Environments/Ambient-Occlusion-Trees/Materials/Willow_leaves.mat
  artifactKey: Guid(97b0db431770d9e459321d4a036c72d9) Importer(2089858483,0ecaa5967403d082aa24f35e1b516d23)
Start importing Assets/FantasyEnvironments/Environments/Ambient-Occlusion-Trees/Materials/Willow_leaves.mat using Guid(97b0db431770d9e459321d4a036c72d9) Importer(2089858483,0ecaa5967403d082aa24f35e1b516d23) [PhysX] Initialized MultithreadedTaskDispatcher with 24 workers.
 -> (artifact id: 'd6ea51b46862421b87d232cccc89543c') in 0.009119 seconds
Number of updated asset objects reloaded before import = 0
Number of asset objects unloaded after import = 2
========================================================================
Received Import Request.
  Time since last request: 0.000016 seconds.
  path: Assets/FantasyEnvironments/Environments/Town/FBXs/Food_bottle2.fbx
  artifactKey: Guid(4dab6c966386d4043bcc92a689af6892) Importer(2089858483,0ecaa5967403d082aa24f35e1b516d23)
Start importing Assets/FantasyEnvironments/Environments/Town/FBXs/Food_bottle2.fbx using Guid(4dab6c966386d4043bcc92a689af6892) Importer(2089858483,0ecaa5967403d082aa24f35e1b516d23) [PhysX] Initialized MultithreadedTaskDispatcher with 24 workers.
 -> (artifact id: '3068e83d73698425af84da45fffdd1d9') in 0.017819 seconds
Number of updated asset objects reloaded before import = 0
Number of asset objects unloaded after import = 7
========================================================================
Received Import Request.
  Time since last request: 0.000018 seconds.
  path: Assets/FantasyEnvironments/Environments/Ambient-Occlusion-Trees/Prefabs/Willow_tree2.prefab
  artifactKey: Guid(1499c673ad068e74e90b288302fa8b6b) Importer(2089858483,0ecaa5967403d082aa24f35e1b516d23)
Start importing Assets/FantasyEnvironments/Environments/Ambient-Occlusion-Trees/Prefabs/Willow_tree2.prefab using Guid(1499c673ad068e74e90b288302fa8b6b) Importer(2089858483,0ecaa5967403d082aa24f35e1b516d23) [PhysX] Initialized MultithreadedTaskDispatcher with 24 workers.
 -> (artifact id: '00dd900931fc488a81b6efebf369535d') in 0.010365 seconds
Number of updated asset objects reloaded before import = 0
Number of asset objects unloaded after import = 8
========================================================================
Received Import Request.
  Time since last request: 0.000041 seconds.
  path: Assets/FantasyEnvironments/Environments/Town/Animations/WoodenWall_Gate.controller
  artifactKey: Guid(29b710a283b1b0b4f9459dc271bc4d57) Importer(2089858483,0ecaa5967403d082aa24f35e1b516d23)
Start importing Assets/FantasyEnvironments/Environments/Town/Animations/WoodenWall_Gate.controller using Guid(29b710a283b1b0b4f9459dc271bc4d57) Importer(2089858483,0ecaa5967403d082aa24f35e1b516d23) [PhysX] Initialized MultithreadedTaskDispatcher with 24 workers.
 -> (artifact id: '769994d56fd0304e9f106160899a5909') in 0.014411 seconds
Number of updated asset objects reloaded before import = 0
Number of asset objects unloaded after import = 9
========================================================================
Received Import Request.
  Time since last request: 0.000016 seconds.
  path: Assets/FantasyEnvironments/Environments/Ambient-Occlusion-Trees/Materials/Oak_bark.mat
  artifactKey: Guid(976cada19a6fd4b4c80f7fa23ff95137) Importer(2089858483,0ecaa5967403d082aa24f35e1b516d23)
Start importing Assets/FantasyEnvironments/Environments/Ambient-Occlusion-Trees/Materials/Oak_bark.mat using Guid(976cada19a6fd4b4c80f7fa23ff95137) Importer(2089858483,0ecaa5967403d082aa24f35e1b516d23) [PhysX] Initialized MultithreadedTaskDispatcher with 24 workers.
 -> (artifact id: 'b1a89d53ecc4adbd773d6da579934180') in 0.009453 seconds
Number of updated asset objects reloaded before import = 0
Number of asset objects unloaded after import = 2
========================================================================
Received Import Request.
  Time since last request: 0.000016 seconds.
  path: Assets/FantasyEnvironments/Environments/Ambient-Occlusion-Trees/FBX/Deciduous_tree_stump.fbx
  artifactKey: Guid(54adbefad020ebb419976f461ee16fa4) Importer(2089858483,0ecaa5967403d082aa24f35e1b516d23)
Start importing Assets/FantasyEnvironments/Environments/Ambient-Occlusion-Trees/FBX/Deciduous_tree_stump.fbx using Guid(54adbefad020ebb419976f461ee16fa4) Importer(2089858483,0ecaa5967403d082aa24f35e1b516d23) [PhysX] Initialized MultithreadedTaskDispatcher with 24 workers.
 -> (artifact id: 'aeb834c29bc1e74ebc11c8c4b63d4b15') in 0.016277 seconds
Number of updated asset objects reloaded before import = 0
Number of asset objects unloaded after import = 20
========================================================================
Received Import Request.
  Time since last request: 0.106211 seconds.
  path: Assets/FantasyEnvironments/Environments/Town/FBXs/Furniture_chair4.fbx
  artifactKey: Guid(1407f7c06b63df24facf43e9920eba22) Importer(2089858483,0ecaa5967403d082aa24f35e1b516d23)
Start importing Assets/FantasyEnvironments/Environments/Town/FBXs/Furniture_chair4.fbx using Guid(1407f7c06b63df24facf43e9920eba22) Importer(2089858483,0ecaa5967403d082aa24f35e1b516d23) [PhysX] Initialized MultithreadedTaskDispatcher with 24 workers.
 -> (artifact id: '00ece22aa5ef67ac6425b30faad7ead5') in 0.016834 seconds
Number of updated asset objects reloaded before import = 0
Number of asset objects unloaded after import = 7
========================================================================
Received Import Request.
  Time since last request: 0.000016 seconds.
  path: Assets/FantasyEnvironments/Environments/Town/FBXs/Tavern_interior_lamp.fbx
  artifactKey: Guid(72e9b236dca4ac845aab7926dbf4c572) Importer(2089858483,0ecaa5967403d082aa24f35e1b516d23)
Start importing Assets/FantasyEnvironments/Environments/Town/FBXs/Tavern_interior_lamp.fbx using Guid(72e9b236dca4ac845aab7926dbf4c572) Importer(2089858483,0ecaa5967403d082aa24f35e1b516d23) [PhysX] Initialized MultithreadedTaskDispatcher with 24 workers.
 -> (artifact id: 'aa1be29322659e26a1d53c79acd113f6') in 0.016856 seconds
Number of updated asset objects reloaded before import = 0
Number of asset objects unloaded after import = 7
========================================================================
Received Import Request.
  Time since last request: 0.000015 seconds.
  path: Assets/FantasyEnvironments/Environments/Town/FBXs/WoodenHouse_3.fbx
  artifactKey: Guid(ccbb0b758f96c6a47894026914c2f637) Importer(2089858483,0ecaa5967403d082aa24f35e1b516d23)
Start importing Assets/FantasyEnvironments/Environments/Town/FBXs/WoodenHouse_3.fbx using Guid(ccbb0b758f96c6a47894026914c2f637) Importer(2089858483,0ecaa5967403d082aa24f35e1b516d23) [PhysX] Initialized MultithreadedTaskDispatcher with 24 workers.
 -> (artifact id: 'f4e7b9b1585d46efcf69254a3c986b56') in 0.023348 seconds
Number of updated asset objects reloaded before import = 0
Number of asset objects unloaded after import = 25
========================================================================
Received Import Request.
  Time since last request: 0.000017 seconds.
  path: Assets/FantasyEnvironments/Environments/Town/Prefabs/storage_bag_potato.prefab
  artifactKey: Guid(0583e822e5012574482d44a792a86ec7) Importer(2089858483,0ecaa5967403d082aa24f35e1b516d23)
Start importing Assets/FantasyEnvironments/Environments/Town/Prefabs/storage_bag_potato.prefab using Guid(0583e822e5012574482d44a792a86ec7) Importer(2089858483,0ecaa5967403d082aa24f35e1b516d23) [PhysX] Initialized MultithreadedTaskDispatcher with 24 workers.
 -> (artifact id: 'f3cb6423d59c5fd432d845d72248f7bb') in 0.018090 seconds
Number of updated asset objects reloaded before import = 0
Number of asset objects unloaded after import = 8
========================================================================
Received Import Request.
  Time since last request: 0.000022 seconds.
  path: Assets/FantasyEnvironments/Environments/Town/Materials/House1.mat
  artifactKey: Guid(7079159efc7c3b84aa002fbf9d6a53d9) Importer(2089858483,0ecaa5967403d082aa24f35e1b516d23)
Start importing Assets/FantasyEnvironments/Environments/Town/Materials/House1.mat using Guid(7079159efc7c3b84aa002fbf9d6a53d9) Importer(2089858483,0ecaa5967403d082aa24f35e1b516d23) [PhysX] Initialized MultithreadedTaskDispatcher with 24 workers.
 -> (artifact id: 'f6de7ee6e80fb33f91ba4b08c40ad43e') in 0.016252 seconds
Number of updated asset objects reloaded before import = 0
Number of asset objects unloaded after import = 2
========================================================================
Received Import Request.
  Time since last request: 0.000015 seconds.
  path: Assets/FantasyEnvironments/Environments/Town/FBXs/Furniture_scroll.fbx
  artifactKey: Guid(e63755afbf166d54fafaa281453ab601) Importer(2089858483,0ecaa5967403d082aa24f35e1b516d23)
Start importing Assets/FantasyEnvironments/Environments/Town/FBXs/Furniture_scroll.fbx using Guid(e63755afbf166d54fafaa281453ab601) Importer(2089858483,0ecaa5967403d082aa24f35e1b516d23) [PhysX] Initialized MultithreadedTaskDispatcher with 24 workers.
 -> (artifact id: '0c10195c2cf0e405c1d9e046baff469e') in 0.016027 seconds
Number of updated asset objects reloaded before import = 0
Number of asset objects unloaded after import = 7
========================================================================
Received Import Request.
  Time since last request: 0.000021 seconds.
  path: Assets/FantasyEnvironments/Environments/Town/FBXs/WoodenWall_GateL.fbx
  artifactKey: Guid(135e3c662786ca44dae00892fcdaa8ef) Importer(2089858483,0ecaa5967403d082aa24f35e1b516d23)
Start importing Assets/FantasyEnvironments/Environments/Town/FBXs/WoodenWall_GateL.fbx using Guid(135e3c662786ca44dae00892fcdaa8ef) Importer(2089858483,0ecaa5967403d082aa24f35e1b516d23) [PhysX] Initialized MultithreadedTaskDispatcher with 24 workers.
 -> (artifact id: '8955f9a564f14dfcfe7e13ce9d8682c5') in 0.016553 seconds
Number of updated asset objects reloaded before import = 0
Number of asset objects unloaded after import = 7
========================================================================
Received Import Request.
  Time since last request: 0.000157 seconds.
  path: Assets/FantasyEnvironments/Environments/Town/Materials/WoodenWall.mat
  artifactKey: Guid(aee3cf6e130992a45ab094b3cd45a26d) Importer(2089858483,0ecaa5967403d082aa24f35e1b516d23)
Start importing Assets/FantasyEnvironments/Environments/Town/Materials/WoodenWall.mat using Guid(aee3cf6e130992a45ab094b3cd45a26d) Importer(2089858483,0ecaa5967403d082aa24f35e1b516d23) [PhysX] Initialized MultithreadedTaskDispatcher with 24 workers.
 -> (artifact id: '652df3f1c24069bce2e66eb848233799') in 0.013574 seconds
Number of updated asset objects reloaded before import = 0
Number of asset objects unloaded after import = 2
========================================================================
Received Import Request.
  Time since last request: 0.000014 seconds.
  path: Assets/FantasyEnvironments/Environments/Town/FBXs/storage_bag_potato.fbx
  artifactKey: Guid(baf22129251c1df42b45f42c8b069d4e) Importer(2089858483,0ecaa5967403d082aa24f35e1b516d23)
Start importing Assets/FantasyEnvironments/Environments/Town/FBXs/storage_bag_potato.fbx using Guid(baf22129251c1df42b45f42c8b069d4e) Importer(2089858483,0ecaa5967403d082aa24f35e1b516d23) [PhysX] Initialized MultithreadedTaskDispatcher with 24 workers.
 -> (artifact id: 'd9a358467566b187df26d5bd99384bf5') in 0.012553 seconds
Number of updated asset objects reloaded before import = 0
Number of asset objects unloaded after import = 7
========================================================================
Received Import Request.
  Time since last request: 0.000013 seconds.
  path: Assets/FantasyEnvironments/Environments/Town/Prefabs/Furniture_chair3.prefab
  artifactKey: Guid(cecfc534c2fbbe44f9042b26f8ccb565) Importer(2089858483,0ecaa5967403d082aa24f35e1b516d23)
Start importing Assets/FantasyEnvironments/Environments/Town/Prefabs/Furniture_chair3.prefab using Guid(cecfc534c2fbbe44f9042b26f8ccb565) Importer(2089858483,0ecaa5967403d082aa24f35e1b516d23) [PhysX] Initialized MultithreadedTaskDispatcher with 24 workers.
 -> (artifact id: '24ca5ad498274928d8d5299a22100c56') in 0.014434 seconds
Number of updated asset objects reloaded before import = 0
Number of asset objects unloaded after import = 8
========================================================================
Received Import Request.
  Time since last request: 0.000014 seconds.
  path: Assets/FantasyEnvironments/Environments/Town/FBXs/House2.fbx
  artifactKey: Guid(7fd0e85ef923345489ef85a3a234f1f1) Importer(2089858483,0ecaa5967403d082aa24f35e1b516d23)
Start importing Assets/FantasyEnvironments/Environments/Town/FBXs/House2.fbx using Guid(7fd0e85ef923345489ef85a3a234f1f1) Importer(2089858483,0ecaa5967403d082aa24f35e1b516d23) [PhysX] Initialized MultithreadedTaskDispatcher with 24 workers.
 -> (artifact id: '9b91be25718445168f15995d8873c3ae') in 0.012508 seconds
Number of updated asset objects reloaded before import = 0
Number of asset objects unloaded after import = 14
========================================================================
Received Import Request.
  Time since last request: 0.000016 seconds.
  path: Assets/FantasyEnvironments/Environments/Town/FBXs/Wall_part2.fbx
  artifactKey: Guid(c55758792926c1e438a5a3230f8ae9a8) Importer(2089858483,0ecaa5967403d082aa24f35e1b516d23)
Start importing Assets/FantasyEnvironments/Environments/Town/FBXs/Wall_part2.fbx using Guid(c55758792926c1e438a5a3230f8ae9a8) Importer(2089858483,0ecaa5967403d082aa24f35e1b516d23) [PhysX] Initialized MultithreadedTaskDispatcher with 24 workers.
 -> (artifact id: 'fe8ae276882c39a2da2a32a4dff6b822') in 0.016868 seconds
Number of updated asset objects reloaded before import = 0
Number of asset objects unloaded after import = 14
========================================================================
Received Import Request.
  Time since last request: 0.000019 seconds.
  path: Assets/FantasyEnvironments/Environments/Town/Prefabs/storage_basket_small.prefab
  artifactKey: Guid(a3b1ceba998f4d4419d82dc582c290dd) Importer(2089858483,0ecaa5967403d082aa24f35e1b516d23)
Start importing Assets/FantasyEnvironments/Environments/Town/Prefabs/storage_basket_small.prefab using Guid(a3b1ceba998f4d4419d82dc582c290dd) Importer(2089858483,0ecaa5967403d082aa24f35e1b516d23) [PhysX] Initialized MultithreadedTaskDispatcher with 24 workers.
 -> (artifact id: '0e7958fd07d3691d3fbd85cb27b37a99') in 0.018464 seconds
Number of updated asset objects reloaded before import = 0
Number of asset objects unloaded after import = 9
========================================================================
Received Import Request.
  Time since last request: 0.000018 seconds.
  path: Assets/FantasyEnvironments/Environments/Town/Prefabs/cart1.prefab
  artifactKey: Guid(02c9d373237917847b636baad496fa95) Importer(2089858483,0ecaa5967403d082aa24f35e1b516d23)
Start importing Assets/FantasyEnvironments/Environments/Town/Prefabs/cart1.prefab using Guid(02c9d373237917847b636baad496fa95) Importer(2089858483,0ecaa5967403d082aa24f35e1b516d23) [PhysX] Initialized MultithreadedTaskDispatcher with 24 workers.
 -> (artifact id: '0c19e44c50ae09f1ee22effb7d59035a') in 0.014155 seconds
Number of updated asset objects reloaded before import = 0
Number of asset objects unloaded after import = 25
========================================================================
Received Import Request.
  Time since last request: 0.000017 seconds.
  path: Assets/FantasyEnvironments/Environments/Town/Prefabs/storage_barrel.prefab
  artifactKey: Guid(3c3b0773e182ad847a706394ac5af117) Importer(2089858483,0ecaa5967403d082aa24f35e1b516d23)
Start importing Assets/FantasyEnvironments/Environments/Town/Prefabs/storage_barrel.prefab using Guid(3c3b0773e182ad847a706394ac5af117) Importer(2089858483,0ecaa5967403d082aa24f35e1b516d23) [PhysX] Initialized MultithreadedTaskDispatcher with 24 workers.
 -> (artifact id: 'a0e311eedb48bffb632418f10d8875fc') in 0.015003 seconds
Number of updated asset objects reloaded before import = 0
Number of asset objects unloaded after import = 9
========================================================================
Received Import Request.
  Time since last request: 0.000015 seconds.
  path: Assets/FantasyEnvironments/Environments/Town/Prefabs/Food_bottle1.prefab
  artifactKey: Guid(12f375000a68b4649bb3d3d8189e199e) Importer(2089858483,0ecaa5967403d082aa24f35e1b516d23)
Start importing Assets/FantasyEnvironments/Environments/Town/Prefabs/Food_bottle1.prefab using Guid(12f375000a68b4649bb3d3d8189e199e) Importer(2089858483,0ecaa5967403d082aa24f35e1b516d23) [PhysX] Initialized MultithreadedTaskDispatcher with 24 workers.
 -> (artifact id: 'fbd4c8d5cce734e9bf57bca3f20fc130') in 0.014686 seconds
Number of updated asset objects reloaded before import = 0
Number of asset objects unloaded after import = 7
========================================================================
Received Import Request.
  Time since last request: 0.000014 seconds.
  path: Assets/FantasyEnvironments/Environments/Town/Prefabs/Furniture_scrolls.prefab
  artifactKey: Guid(73cf5aad55823ba4bb9a9dcfc994360a) Importer(2089858483,0ecaa5967403d082aa24f35e1b516d23)
Start importing Assets/FantasyEnvironments/Environments/Town/Prefabs/Furniture_scrolls.prefab using Guid(73cf5aad55823ba4bb9a9dcfc994360a) Importer(2089858483,0ecaa5967403d082aa24f35e1b516d23) [PhysX] Initialized MultithreadedTaskDispatcher with 24 workers.
 -> (artifact id: 'af6a80c64088400026dfc9ad90e6a359') in 0.013392 seconds
Number of updated asset objects reloaded before import = 0
Number of asset objects unloaded after import = 7
========================================================================
Received Import Request.
  Time since last request: 0.000016 seconds.
  path: Assets/FantasyEnvironments/Environments/Town/Materials/Storage.mat
  artifactKey: Guid(c787df8872815a9409da38ff612f94b8) Importer(2089858483,0ecaa5967403d082aa24f35e1b516d23)
Start importing Assets/FantasyEnvironments/Environments/Town/Materials/Storage.mat using Guid(c787df8872815a9409da38ff612f94b8) Importer(2089858483,0ecaa5967403d082aa24f35e1b516d23) [PhysX] Initialized MultithreadedTaskDispatcher with 24 workers.
 -> (artifact id: 'a0ec53de4d9cf5cf3c0adb3c8adea2a4') in 0.014893 seconds
Number of updated asset objects reloaded before import = 0
Number of asset objects unloaded after import = 2
========================================================================
Received Import Request.
  Time since last request: 0.000025 seconds.
  path: Assets/FantasyEnvironments/Environments/Town/FBXs/storage_basket.fbx
  artifactKey: Guid(6b2d9e146387d464b81556130134de2f) Importer(2089858483,0ecaa5967403d082aa24f35e1b516d23)
Start importing Assets/FantasyEnvironments/Environments/Town/FBXs/storage_basket.fbx using Guid(6b2d9e146387d464b81556130134de2f) Importer(2089858483,0ecaa5967403d082aa24f35e1b516d23) [PhysX] Initialized MultithreadedTaskDispatcher with 24 workers.
 -> (artifact id: '2c28b57c188c15a2fa27d6d25f1a4dcd') in 0.013088 seconds
Number of updated asset objects reloaded before import = 0
Number of asset objects unloaded after import = 14
========================================================================
Received Import Request.
  Time since last request: 0.000026 seconds.
  path: Assets/FantasyEnvironments/Environments/Town/Prefabs/Furniture_candlestick1.prefab
  artifactKey: Guid(e965607d197150b43a6dabdf25ed1ac5) Importer(2089858483,0ecaa5967403d082aa24f35e1b516d23)
Start importing Assets/FantasyEnvironments/Environments/Town/Prefabs/Furniture_candlestick1.prefab using Guid(e965607d197150b43a6dabdf25ed1ac5) Importer(2089858483,0ecaa5967403d082aa24f35e1b516d23) [PhysX] Initialized MultithreadedTaskDispatcher with 24 workers.
 -> (artifact id: '3fe46fa33a6d48cd8f92f4f0f2a0bc31') in 0.016965 seconds
Number of updated asset objects reloaded before import = 0
Number of asset objects unloaded after import = 11
========================================================================
Received Import Request.
  Time since last request: 0.000018 seconds.
  path: Assets/FantasyEnvironments/Environments/Town/FBXs/Wall_tower1.fbx
  artifactKey: Guid(43831d14390525f4da345f16c0619cf7) Importer(2089858483,0ecaa5967403d082aa24f35e1b516d23)
Start importing Assets/FantasyEnvironments/Environments/Town/FBXs/Wall_tower1.fbx using Guid(43831d14390525f4da345f16c0619cf7) Importer(2089858483,0ecaa5967403d082aa24f35e1b516d23) [PhysX] Initialized MultithreadedTaskDispatcher with 24 workers.
 -> (artifact id: '3b81c6472ffbf5029f6807595e2be545') in 0.017522 seconds
Number of updated asset objects reloaded before import = 0
Number of asset objects unloaded after import = 14
========================================================================
Received Import Request.
  Time since last request: 0.000017 seconds.
  path: Assets/FantasyEnvironments/Environments/Town/FBXs/Furniture_elixir2.fbx
  artifactKey: Guid(d23048b98b3799c4081da9abd3a980df) Importer(2089858483,0ecaa5967403d082aa24f35e1b516d23)
Start importing Assets/FantasyEnvironments/Environments/Town/FBXs/Furniture_elixir2.fbx using Guid(d23048b98b3799c4081da9abd3a980df) Importer(2089858483,0ecaa5967403d082aa24f35e1b516d23) [PhysX] Initialized MultithreadedTaskDispatcher with 24 workers.
 -> (artifact id: 'c5c094233af80dad8ec0c856d0b331f3') in 0.016802 seconds
Number of updated asset objects reloaded before import = 0
Number of asset objects unloaded after import = 7
========================================================================
Received Import Request.
  Time since last request: 0.000130 seconds.
  path: Assets/FantasyEnvironments/Environments/Town/Prefabs/cart4.prefab
  artifactKey: Guid(0edbfd697bd8266428ec1d0eddf36e5f) Importer(2089858483,0ecaa5967403d082aa24f35e1b516d23)
Start importing Assets/FantasyEnvironments/Environments/Town/Prefabs/cart4.prefab using Guid(0edbfd697bd8266428ec1d0eddf36e5f) Importer(2089858483,0ecaa5967403d082aa24f35e1b516d23) [PhysX] Initialized MultithreadedTaskDispatcher with 24 workers.
 -> (artifact id: 'bf67608ca9a58095084dd507d1f5fbec') in 0.014451 seconds
Number of updated asset objects reloaded before import = 0
Number of asset objects unloaded after import = 21
========================================================================
Received Import Request.
  Time since last request: 0.000016 seconds.
  path: Assets/FantasyEnvironments/Environments/Town/FBXs/storage_basket_small.fbx
  artifactKey: Guid(cd2b5495c228c9744b09d3a6316695ce) Importer(2089858483,0ecaa5967403d082aa24f35e1b516d23)
Start importing Assets/FantasyEnvironments/Environments/Town/FBXs/storage_basket_small.fbx using Guid(cd2b5495c228c9744b09d3a6316695ce) Importer(2089858483,0ecaa5967403d082aa24f35e1b516d23) [PhysX] Initialized MultithreadedTaskDispatcher with 24 workers.
 -> (artifact id: 'f6fadd136dde0df837d0edfdb2657f89') in 0.012254 seconds
Number of updated asset objects reloaded before import = 0
Number of asset objects unloaded after import = 14
========================================================================
Received Import Request.
  Time since last request: 0.000013 seconds.
  path: Assets/FantasyEnvironments/Environments/Town/FBXs/WoodenHouse_door.fbx
  artifactKey: Guid(a79220c63e2dfc648b55d441d19d0688) Importer(2089858483,0ecaa5967403d082aa24f35e1b516d23)
Start importing Assets/FantasyEnvironments/Environments/Town/FBXs/WoodenHouse_door.fbx using Guid(a79220c63e2dfc648b55d441d19d0688) Importer(2089858483,0ecaa5967403d082aa24f35e1b516d23) [PhysX] Initialized MultithreadedTaskDispatcher with 24 workers.
 -> (artifact id: '740ef76c24e47d280d794af92da4fd9c') in 0.018292 seconds
Number of updated asset objects reloaded before import = 0
Number of asset objects unloaded after import = 7
========================================================================
Received Import Request.
  Time since last request: 0.000015 seconds.
  path: Assets/FantasyEnvironments/Environments/Town/FBXs/House3.fbx
  artifactKey: Guid(43b80cbdf901bd340866cf57772a142f) Importer(2089858483,0ecaa5967403d082aa24f35e1b516d23)
Start importing Assets/FantasyEnvironments/Environments/Town/FBXs/House3.fbx using Guid(43b80cbdf901bd340866cf57772a142f) Importer(2089858483,0ecaa5967403d082aa24f35e1b516d23) [PhysX] Initialized MultithreadedTaskDispatcher with 24 workers.
 -> (artifact id: '25831251763e67d809a1b0018d691292') in 0.014047 seconds
Number of updated asset objects reloaded before import = 0
Number of asset objects unloaded after import = 15
========================================================================
Received Import Request.
  Time since last request: 0.000021 seconds.
  path: Assets/FantasyEnvironments/Environments/Town/Prefabs/Furniture_book3.prefab
  artifactKey: Guid(913e4b9b1dc083f40be1c6a744bec764) Importer(2089858483,0ecaa5967403d082aa24f35e1b516d23)
Start importing Assets/FantasyEnvironments/Environments/Town/Prefabs/Furniture_book3.prefab using Guid(913e4b9b1dc083f40be1c6a744bec764) Importer(2089858483,0ecaa5967403d082aa24f35e1b516d23) [PhysX] Initialized MultithreadedTaskDispatcher with 24 workers.
 -> (artifact id: '39be98d2d3fff3e167c7677307c62a96') in 0.013376 seconds
Number of updated asset objects reloaded before import = 0
Number of asset objects unloaded after import = 7
========================================================================
Received Import Request.
  Time since last request: 0.000017 seconds.
  path: Assets/FantasyEnvironments/Environments/Town/FBXs/storage_barrel_small.fbx
  artifactKey: Guid(0d090e568c1f0ea4ba6abff04d31ac7d) Importer(2089858483,0ecaa5967403d082aa24f35e1b516d23)
Start importing Assets/FantasyEnvironments/Environments/Town/FBXs/storage_barrel_small.fbx using Guid(0d090e568c1f0ea4ba6abff04d31ac7d) Importer(2089858483,0ecaa5967403d082aa24f35e1b516d23) [PhysX] Initialized MultithreadedTaskDispatcher with 24 workers.
 -> (artifact id: 'b1216097234361123ef047ab653463b0') in 0.016401 seconds
Number of updated asset objects reloaded before import = 0
Number of asset objects unloaded after import = 14
========================================================================
Received Import Request.
  Time since last request: 0.000023 seconds.
  path: Assets/FantasyEnvironments/Environments/Town/FBXs/WoodenHouse_1.fbx
  artifactKey: Guid(f0134f935023c6f489a93c49e9e4b348) Importer(2089858483,0ecaa5967403d082aa24f35e1b516d23)
Start importing Assets/FantasyEnvironments/Environments/Town/FBXs/WoodenHouse_1.fbx using Guid(f0134f935023c6f489a93c49e9e4b348) Importer(2089858483,0ecaa5967403d082aa24f35e1b516d23) [PhysX] Initialized MultithreadedTaskDispatcher with 24 workers.
 -> (artifact id: '94223d2bd1e10543934d7c730e6016cf') in 0.020885 seconds
Number of updated asset objects reloaded before import = 0
Number of asset objects unloaded after import = 25
========================================================================
Received Import Request.
  Time since last request: 0.000015 seconds.
  path: Assets/FantasyEnvironments/Environments/Town/Prefabs/Furniture_cupboard1.prefab
  artifactKey: Guid(b5c3592c56825e9468618db93beb96d7) Importer(2089858483,0ecaa5967403d082aa24f35e1b516d23)
Start importing Assets/FantasyEnvironments/Environments/Town/Prefabs/Furniture_cupboard1.prefab using Guid(b5c3592c56825e9468618db93beb96d7) Importer(2089858483,0ecaa5967403d082aa24f35e1b516d23) [PhysX] Initialized MultithreadedTaskDispatcher with 24 workers.
 -> (artifact id: '05e1e52549f75261a2391b4a2a8142c9') in 0.014967 seconds
Number of updated asset objects reloaded before import = 0
Number of asset objects unloaded after import = 8
========================================================================
Received Import Request.
  Time since last request: 0.000016 seconds.
  path: Assets/FantasyEnvironments/Environments/Town/Prefabs/Food_bottle6.prefab
  artifactKey: Guid(b6bdc8350ca1cf24f9b7e651e790e08b) Importer(2089858483,0ecaa5967403d082aa24f35e1b516d23)
Start importing Assets/FantasyEnvironments/Environments/Town/Prefabs/Food_bottle6.prefab using Guid(b6bdc8350ca1cf24f9b7e651e790e08b) Importer(2089858483,0ecaa5967403d082aa24f35e1b516d23) [PhysX] Initialized MultithreadedTaskDispatcher with 24 workers.
 -> (artifact id: 'fd0a83e1855bf0446476b3d81e242f14') in 0.014178 seconds
Number of updated asset objects reloaded before import = 0
Number of asset objects unloaded after import = 7
========================================================================
Received Import Request.
  Time since last request: 0.000015 seconds.
  path: Assets/FantasyEnvironments/Environments/Town/Prefabs/Tavern_doorL.prefab
  artifactKey: Guid(699d74b9574e3df4398144511a060916) Importer(2089858483,0ecaa5967403d082aa24f35e1b516d23)
Start importing Assets/FantasyEnvironments/Environments/Town/Prefabs/Tavern_doorL.prefab using Guid(699d74b9574e3df4398144511a060916) Importer(2089858483,0ecaa5967403d082aa24f35e1b516d23) [PhysX] Initialized MultithreadedTaskDispatcher with 24 workers.
 -> (artifact id: '4a8d3fb8a0728c1101c99e30f92295ff') in 0.013872 seconds
Number of updated asset objects reloaded before import = 0
Number of asset objects unloaded after import = 8
========================================================================
Received Import Request.
  Time since last request: 0.000018 seconds.
  path: Assets/FantasyEnvironments/Environments/Town/Textures/WoodenWall.png
  artifactKey: Guid(0495185e035d28e4a92f01ac9cf57692) Importer(2089858483,0ecaa5967403d082aa24f35e1b516d23)
Start importing Assets/FantasyEnvironments/Environments/Town/Textures/WoodenWall.png using Guid(0495185e035d28e4a92f01ac9cf57692) Importer(2089858483,0ecaa5967403d082aa24f35e1b516d23) [PhysX] Initialized MultithreadedTaskDispatcher with 24 workers.
 -> (artifact id: 'cbb97b3cce8834a0f299ea0631112803') in 0.013510 seconds
Number of updated asset objects reloaded before import = 0
Number of asset objects unloaded after import = 1
========================================================================
Received Import Request.
  Time since last request: 0.000022 seconds.
  path: Assets/FantasyEnvironments/Environments/Town/Textures/Wall1.png
  artifactKey: Guid(f368627dbf4c8b644827642c33a47f0b) Importer(2089858483,0ecaa5967403d082aa24f35e1b516d23)
Start importing Assets/FantasyEnvironments/Environments/Town/Textures/Wall1.png using Guid(f368627dbf4c8b644827642c33a47f0b) Importer(2089858483,0ecaa5967403d082aa24f35e1b516d23) [PhysX] Initialized MultithreadedTaskDispatcher with 24 workers.
 -> (artifact id: '7639c79374b9f87fdf42000d37f174be') in 0.012008 seconds
Number of updated asset objects reloaded before import = 0
Number of asset objects unloaded after import = 1
========================================================================
Received Import Request.
  Time since last request: 0.000084 seconds.
  path: Assets/FantasyEnvironments/Environments/Town/Prefabs/WoodenHouse_2.prefab
  artifactKey: Guid(c9fc122e3f8d06d43a1eb4f5ac1238cc) Importer(2089858483,0ecaa5967403d082aa24f35e1b516d23)
Start importing Assets/FantasyEnvironments/Environments/Town/Prefabs/WoodenHouse_2.prefab using Guid(c9fc122e3f8d06d43a1eb4f5ac1238cc) Importer(2089858483,0ecaa5967403d082aa24f35e1b516d23) [PhysX] Initialized MultithreadedTaskDispatcher with 24 workers.
 -> (artifact id: '3a52bc6e870844aff1f3fc8ad4ae4c38') in 0.019584 seconds
Number of updated asset objects reloaded before import = 0
Number of asset objects unloaded after import = 61
========================================================================
Received Import Request.
  Time since last request: 0.000024 seconds.
  path: Assets/FantasyEnvironments/Environments/Town/Prefabs/WoodenWall_GateL.prefab
  artifactKey: Guid(254d02d9b62c2ec4a82af8ba4cfd9c9e) Importer(2089858483,0ecaa5967403d082aa24f35e1b516d23)
Start importing Assets/FantasyEnvironments/Environments/Town/Prefabs/WoodenWall_GateL.prefab using Guid(254d02d9b62c2ec4a82af8ba4cfd9c9e) Importer(2089858483,0ecaa5967403d082aa24f35e1b516d23) [PhysX] Initialized MultithreadedTaskDispatcher with 24 workers.
 -> (artifact id: '465e30238ab1f3de4343633bff272eaf') in 0.014788 seconds
Number of updated asset objects reloaded before import = 0
Number of asset objects unloaded after import = 8
========================================================================
Received Import Request.
  Time since last request: 0.000015 seconds.
  path: Assets/FantasyEnvironments/Environments/Town/Prefabs/WoodenHouse_fireplace.prefab
  artifactKey: Guid(3e964ecb35539ee428ec0f09dd856da9) Importer(2089858483,0ecaa5967403d082aa24f35e1b516d23)
Start importing Assets/FantasyEnvironments/Environments/Town/Prefabs/WoodenHouse_fireplace.prefab using Guid(3e964ecb35539ee428ec0f09dd856da9) Importer(2089858483,0ecaa5967403d082aa24f35e1b516d23) [PhysX] Initialized MultithreadedTaskDispatcher with 24 workers.
 -> (artifact id: '88370fe91f38b4a21f1c4e02ceb12a08') in 0.014994 seconds
Number of updated asset objects reloaded before import = 0
Number of asset objects unloaded after import = 9
========================================================================
Received Import Request.
  Time since last request: 0.000014 seconds.
  path: Assets/FantasyEnvironments/Environments/Town/Textures/Furniture.png
  artifactKey: Guid(6ab69801fe5e2814f8557158d2a7a1c9) Importer(2089858483,0ecaa5967403d082aa24f35e1b516d23)
Start importing Assets/FantasyEnvironments/Environments/Town/Textures/Furniture.png using Guid(6ab69801fe5e2814f8557158d2a7a1c9) Importer(2089858483,0ecaa5967403d082aa24f35e1b516d23) [PhysX] Initialized MultithreadedTaskDispatcher with 24 workers.
 -> (artifact id: '6d5ef0f6c0cba0c0f1de2ad1adae7f21') in 0.012495 seconds
Number of updated asset objects reloaded before import = 0
Number of asset objects unloaded after import = 1
========================================================================
Received Import Request.
  Time since last request: 0.000018 seconds.
  path: Assets/FantasyEnvironments/Environments/Town/Textures/WoodenHouse.png
  artifactKey: Guid(76844defbf93e5f4da0998d08eba7d44) Importer(2089858483,0ecaa5967403d082aa24f35e1b516d23)
Start importing Assets/FantasyEnvironments/Environments/Town/Textures/WoodenHouse.png using Guid(76844defbf93e5f4da0998d08eba7d44) Importer(2089858483,0ecaa5967403d082aa24f35e1b516d23) [PhysX] Initialized MultithreadedTaskDispatcher with 24 workers.
 -> (artifact id: '962b66ab4cf8425f576c03c43ffb235a') in 0.017498 seconds
Number of updated asset objects reloaded before import = 0
Number of asset objects unloaded after import = 1
========================================================================
Received Import Request.
  Time since last request: 0.000015 seconds.
  path: Assets/FantasyEnvironments/Environments/Town/Prefabs/Tavern_interior_lamp.prefab
  artifactKey: Guid(4751505b5c956c442b19187f1b69b3e8) Importer(2089858483,0ecaa5967403d082aa24f35e1b516d23)
Start importing Assets/FantasyEnvironments/Environments/Town/Prefabs/Tavern_interior_lamp.prefab using Guid(4751505b5c956c442b19187f1b69b3e8) Importer(2089858483,0ecaa5967403d082aa24f35e1b516d23) [PhysX] Initialized MultithreadedTaskDispatcher with 24 workers.
 -> (artifact id: 'bd34a7b037c9d89a7ba37eb763115df7') in 0.013451 seconds
Number of updated asset objects reloaded before import = 0
Number of asset objects unloaded after import = 7
========================================================================
Received Import Request.
  Time since last request: 0.000014 seconds.
  path: Assets/FantasyEnvironments/Environments/Town/Textures/Tavern.png
  artifactKey: Guid(21e63b43828563d42a986350e548224d) Importer(2089858483,0ecaa5967403d082aa24f35e1b516d23)
Start importing Assets/FantasyEnvironments/Environments/Town/Textures/Tavern.png using Guid(21e63b43828563d42a986350e548224d) Importer(2089858483,0ecaa5967403d082aa24f35e1b516d23) [PhysX] Initialized MultithreadedTaskDispatcher with 24 workers.
 -> (artifact id: '0e383eab243aa4bfc9c5976c19c2e537') in 0.012017 seconds
Number of updated asset objects reloaded before import = 0
Number of asset objects unloaded after import = 1
========================================================================
Received Import Request.
  Time since last request: 0.000017 seconds.
  path: Assets/FantasyEnvironments/Environments/Town/Prefabs/Wall_part1.prefab
  artifactKey: Guid(9b3d693a654a56c43b2249ca7efee293) Importer(2089858483,0ecaa5967403d082aa24f35e1b516d23)
Start importing Assets/FantasyEnvironments/Environments/Town/Prefabs/Wall_part1.prefab using Guid(9b3d693a654a56c43b2249ca7efee293) Importer(2089858483,0ecaa5967403d082aa24f35e1b516d23) [PhysX] Initialized MultithreadedTaskDispatcher with 24 workers.
 -> (artifact id: 'cf31ed85185d7178c9bdf18b644fe713') in 0.017368 seconds
Number of updated asset objects reloaded before import = 0
Number of asset objects unloaded after import = 9
========================================================================
Received Import Request.
  Time since last request: 0.000014 seconds.
  path: Assets/FantasyEnvironments/Environments/Town/FBXs/storage_bag_beet.fbx
  artifactKey: Guid(3c1386a219b6bde46b88004b0c377998) Importer(2089858483,0ecaa5967403d082aa24f35e1b516d23)
Start importing Assets/FantasyEnvironments/Environments/Town/FBXs/storage_bag_beet.fbx using Guid(3c1386a219b6bde46b88004b0c377998) Importer(2089858483,0ecaa5967403d082aa24f35e1b516d23) [PhysX] Initialized MultithreadedTaskDispatcher with 24 workers.
 -> (artifact id: '6b8788019c60b7cd219eaa9de7dd3ddc') in 0.012521 seconds
Number of updated asset objects reloaded before import = 0
Number of asset objects unloaded after import = 7
========================================================================
Received Import Request.
  Time since last request: 0.000015 seconds.
  path: Assets/FantasyEnvironments/Environments/Town/Prefabs/WoodenWall_Stairs.prefab
  artifactKey: Guid(92cc6d2406e4cc547a83ad74708c2d87) Importer(2089858483,0ecaa5967403d082aa24f35e1b516d23)
Start importing Assets/FantasyEnvironments/Environments/Town/Prefabs/WoodenWall_Stairs.prefab using Guid(92cc6d2406e4cc547a83ad74708c2d87) Importer(2089858483,0ecaa5967403d082aa24f35e1b516d23) [PhysX] Initialized MultithreadedTaskDispatcher with 24 workers.
 -> (artifact id: '0426e403fc9cba1ce64be97b524da836') in 0.021034 seconds
Number of updated asset objects reloaded before import = 0
Number of asset objects unloaded after import = 9
========================================================================
Received Import Request.
  Time since last request: 0.000014 seconds.
  path: Assets/FantasyEnvironments/Environments/Town/Prefabs/storage_bag_seeds.prefab
  artifactKey: Guid(e1ad20f44ad21f6448a11f707d185806) Importer(2089858483,0ecaa5967403d082aa24f35e1b516d23)
Start importing Assets/FantasyEnvironments/Environments/Town/Prefabs/storage_bag_seeds.prefab using Guid(e1ad20f44ad21f6448a11f707d185806) Importer(2089858483,0ecaa5967403d082aa24f35e1b516d23) [PhysX] Initialized MultithreadedTaskDispatcher with 24 workers.
 -> (artifact id: '353776b83f862bd992f14554f444fe85') in 0.013858 seconds
Number of updated asset objects reloaded before import = 0
Number of asset objects unloaded after import = 8
========================================================================
Received Import Request.
  Time since last request: 0.000015 seconds.
  path: Assets/FantasyEnvironments/Environments/Town/Prefabs/storage_barrel_small.prefab
  artifactKey: Guid(9839330e3d5bae14a934399cb98a74ee) Importer(2089858483,0ecaa5967403d082aa24f35e1b516d23)
Start importing Assets/FantasyEnvironments/Environments/Town/Prefabs/storage_barrel_small.prefab using Guid(9839330e3d5bae14a934399cb98a74ee) Importer(2089858483,0ecaa5967403d082aa24f35e1b516d23) [PhysX] Initialized MultithreadedTaskDispatcher with 24 workers.
 -> (artifact id: '131983f017391b44ce2fce92c0c4b319') in 0.014675 seconds
Number of updated asset objects reloaded before import = 0
Number of asset objects unloaded after import = 9
========================================================================
Received Import Request.
  Time since last request: 0.000024 seconds.
  path: Assets/FantasyEnvironments/Environments/Town/FBXs/WoodenWall_1.fbx
  artifactKey: Guid(72caf2d0e5ef4b446b67dd0017d0e0b7) Importer(2089858483,0ecaa5967403d082aa24f35e1b516d23)
Start importing Assets/FantasyEnvironments/Environments/Town/FBXs/WoodenWall_1.fbx using Guid(72caf2d0e5ef4b446b67dd0017d0e0b7) Importer(2089858483,0ecaa5967403d082aa24f35e1b516d23) [PhysX] Initialized MultithreadedTaskDispatcher with 24 workers.
 -> (artifact id: 'd0b483046bdf941fb52640ef0967c8df') in 0.012812 seconds
Number of updated asset objects reloaded before import = 0
Number of asset objects unloaded after import = 14
========================================================================
Received Import Request.
  Time since last request: 0.000022 seconds.
  path: Assets/FantasyEnvironments/Environments/Town/Prefabs/Furniture_bed.prefab
  artifactKey: Guid(0e6f17b37bae2034c908fee784921b85) Importer(2089858483,0ecaa5967403d082aa24f35e1b516d23)
Start importing Assets/FantasyEnvironments/Environments/Town/Prefabs/Furniture_bed.prefab using Guid(0e6f17b37bae2034c908fee784921b85) Importer(2089858483,0ecaa5967403d082aa24f35e1b516d23) [PhysX] Initialized MultithreadedTaskDispatcher with 24 workers.
 -> (artifact id: 'ffed72d179a7c6bf2fbde6afc55e9214') in 0.013678 seconds
Number of updated asset objects reloaded before import = 0
Number of asset objects unloaded after import = 8
========================================================================
Received Import Request.
  Time since last request: 0.000017 seconds.
  path: Assets/FantasyEnvironments/Environments/Town/Prefabs/Wall_tower1.prefab
  artifactKey: Guid(756bd484e6f626047a701d6c3d7cfd1e) Importer(2089858483,0ecaa5967403d082aa24f35e1b516d23)
Start importing Assets/FantasyEnvironments/Environments/Town/Prefabs/Wall_tower1.prefab using Guid(756bd484e6f626047a701d6c3d7cfd1e) Importer(2089858483,0ecaa5967403d082aa24f35e1b516d23) [PhysX] Initialized MultithreadedTaskDispatcher with 24 workers.
 -> (artifact id: '03ab1ce72e8b4251ca887129f92b3dca') in 0.016259 seconds
Number of updated asset objects reloaded before import = 0
Number of asset objects unloaded after import = 9
========================================================================
Received Import Request.
  Time since last request: 0.000015 seconds.
  path: Assets/FantasyEnvironments/Environments/Town/FBXs/storage_barrel_drink.fbx
  artifactKey: Guid(0ef75cd2a5351494ca0efda79cdb2dea) Importer(2089858483,0ecaa5967403d082aa24f35e1b516d23)
Start importing Assets/FantasyEnvironments/Environments/Town/FBXs/storage_barrel_drink.fbx using Guid(0ef75cd2a5351494ca0efda79cdb2dea) Importer(2089858483,0ecaa5967403d082aa24f35e1b516d23) [PhysX] Initialized MultithreadedTaskDispatcher with 24 workers.
 -> (artifact id: 'ca8722339cd8225bc9bc74405c20a6e4') in 0.011838 seconds
Number of updated asset objects reloaded before import = 0
Number of asset objects unloaded after import = 14
========================================================================
Received Import Request.
  Time since last request: 0.000014 seconds.
  path: Assets/FantasyEnvironments/Environments/Town/FBXs/WoodenHouse_fireplace.fbx
  artifactKey: Guid(1442187c219c582408e20aa49c092d27) Importer(2089858483,0ecaa5967403d082aa24f35e1b516d23)
Start importing Assets/FantasyEnvironments/Environments/Town/FBXs/WoodenHouse_fireplace.fbx using Guid(1442187c219c582408e20aa49c092d27) Importer(2089858483,0ecaa5967403d082aa24f35e1b516d23) [PhysX] Initialized MultithreadedTaskDispatcher with 24 workers.
 -> (artifact id: '6585e6effb83355ac37c631e3dedc71d') in 0.013164 seconds
Number of updated asset objects reloaded before import = 0
Number of asset objects unloaded after import = 14
Editor requested this worker to shutdown with reason: Scaling down because of idle timeout
TcpMessagingSession - receive error: operation aborted. errorcode: 995, details: The I/O operation has been aborted because of either a thread exit or an application request.
AssetImportWorker is now disconnected from the server
Process exiting
Exiting without the bug reporter. Application will terminate with return code 0